<?xml version="1.0" encoding="UTF-8"?>
<!-- Generated by org.testng.reporters.JUnitXMLReporter -->
<testsuite ignored="0" hostname="shrabonis-MacBook-Pro.local" failures="0" tests="3" name="EasyJobs" time="0.034" errors="0" timestamp="2023-11-28T13:14:50 BDT">
  <testcase classname="com.easyjobs.qa.testcases.LoginPageTest" name="@BeforeMethod setUp" time="0.003">
    <failure type="java.lang.NullPointerException" message="Cannot invoke &amp;quot;org.openqa.selenium.WebDriver.manage()&amp;quot; because &amp;quot;com.easyjobs.qa.base.TestBase.driver&amp;quot; is null">
      <![CDATA[java.lang.NullPointerException: Cannot invoke "org.openqa.selenium.WebDriver.manage()" because "com.easyjobs.qa.base.TestBase.driver" is null
at com.easyjobs.qa.base.TestBase.initialization(TestBase.java:54)
at com.easyjobs.qa.testcases.LoginPageTest.setUp(LoginPageTest.java:28)
at java.base/java.util.ArrayList.forEach(ArrayList.java:1511)
... Removed 31 stack frames]]>
    </failure>
  </testcase> <!-- @BeforeMethod setUp -->
  <testcase classname="com.easyjobs.qa.testcases.LoginPageTest" name="@AfterMethod tearDown" time="0.0">
    <skipped/>
  </testcase> <!-- @AfterMethod tearDown -->
  <testcase classname="com.easyjobs.qa.testcases.LoginPageTest" name="@BeforeMethod setUp" time="0.0">
    <skipped/>
  </testcase> <!-- @BeforeMethod setUp -->
  <testcase classname="com.easyjobs.qa.testcases.LoginPageTest" name="@AfterMethod tearDown" time="0.0">
    <skipped/>
  </testcase> <!-- @AfterMethod tearDown -->
  <testcase classname="com.easyjobs.qa.testcases.LoginPageTest" name="@BeforeMethod setUp" time="0.0">
    <skipped/>
  </testcase> <!-- @BeforeMethod setUp -->
  <testcase classname="com.easyjobs.qa.testcases.LoginPageTest" name="@AfterMethod tearDown" time="0.0">
    <skipped/>
  </testcase> <!-- @AfterMethod tearDown -->
  <testcase classname="com.easyjobs.qa.testcases.LoginPageTest" name="validateLoginPageTitle" time="0.0">
    <skipped/>
  </testcase> <!-- validateLoginPageTitle -->
  <testcase classname="com.easyjobs.qa.testcases.LoginPageTest" name="loginPageImageTest" time="0.0">
    <skipped/>
  </testcase> <!-- loginPageImageTest -->
  <testcase classname="com.easyjobs.qa.testcases.LoginPageTest" name="loginTest" time="0.0">
    <skipped/>
  </testcase> <!-- loginTest -->
</testsuite> <!-- EasyJobs -->
